[0.015s] Invoking command in '/home/vithesh/dev_ws/src/ros2_ws/src/wallebot/build/wallebot': CMAKE_PREFIX_PATH=${CMAKE_PREFIX_PATH}:/opt/ros/iron /usr/bin/cmake /home/vithesh/dev_ws/src/ros2_ws/src/wallebot -DAMENT_CMAKE_SYMLINK_INSTALL=1 -DCMAKE_INSTALL_PREFIX=/home/vithesh/dev_ws/src/ros2_ws/src/wallebot/install/wallebot
[0.032s] -- Found ament_cmake: 2.0.4 (/opt/ros/iron/share/ament_cmake/cmake)
[0.235s] -- Override CMake install command with custom implementation using symlinks instead of copying resources
[0.249s] -- Found ament_lint_auto: 0.14.3 (/opt/ros/iron/share/ament_lint_auto/cmake)
[0.371s] -- Added test 'copyright' to check source files copyright and LICENSE
[0.385s] -- Added test 'cppcheck' to perform static code analysis on C / C++ code
[0.385s] -- Configured cppcheck include dirs: 
[0.385s] -- Configured cppcheck exclude dirs and/or files: 
[0.399s] -- Added test 'cpplint' to check C / C++ code against the Google style
[0.400s] -- Configured cpplint exclude dirs and/or files: 
[0.402s] -- Added test 'flake8' to check Python code syntax and style conventions
[0.402s] -- Configured 'flake8' exclude dirs and/or files: 
[0.406s] -- Added test 'lint_cmake' to check CMake code style
[0.408s] -- Added test 'pep257' to check Python code against some of the docstring style conventions in PEP 257
[0.423s] -- Added test 'uncrustify' to check C / C++ code style
[0.423s] -- Configured uncrustify additional arguments: 
[0.426s] -- Added test 'xmllint' to check XML markup files
[0.428s] -- Configuring done
[0.433s] -- Generating done
[0.434s] -- Build files have been written to: /home/vithesh/dev_ws/src/ros2_ws/src/wallebot/build/wallebot
[0.438s] Invoked command in '/home/vithesh/dev_ws/src/ros2_ws/src/wallebot/build/wallebot' returned '0': CMAKE_PREFIX_PATH=${CMAKE_PREFIX_PATH}:/opt/ros/iron /usr/bin/cmake /home/vithesh/dev_ws/src/ros2_ws/src/wallebot -DAMENT_CMAKE_SYMLINK_INSTALL=1 -DCMAKE_INSTALL_PREFIX=/home/vithesh/dev_ws/src/ros2_ws/src/wallebot/install/wallebot
[0.441s] Invoking command in '/home/vithesh/dev_ws/src/ros2_ws/src/wallebot/build/wallebot': CMAKE_PREFIX_PATH=${CMAKE_PREFIX_PATH}:/opt/ros/iron /usr/bin/cmake --build /home/vithesh/dev_ws/src/ros2_ws/src/wallebot/build/wallebot -- -j8 -l8
[0.493s] Invoked command in '/home/vithesh/dev_ws/src/ros2_ws/src/wallebot/build/wallebot' returned '0': CMAKE_PREFIX_PATH=${CMAKE_PREFIX_PATH}:/opt/ros/iron /usr/bin/cmake --build /home/vithesh/dev_ws/src/ros2_ws/src/wallebot/build/wallebot -- -j8 -l8
[0.538s] Invoking command in '/home/vithesh/dev_ws/src/ros2_ws/src/wallebot/build/wallebot': CMAKE_PREFIX_PATH=${CMAKE_PREFIX_PATH}:/opt/ros/iron /usr/bin/cmake --install /home/vithesh/dev_ws/src/ros2_ws/src/wallebot/build/wallebot
[0.548s] -- Install configuration: ""
[0.548s] -- Execute custom install script
[0.549s] -- Symlinking: /home/vithesh/dev_ws/src/ros2_ws/src/wallebot/install/wallebot/share/wallebot/config/empty.yaml
[0.561s] -- Symlinking: /home/vithesh/dev_ws/src/ros2_ws/src/wallebot/install/wallebot/share/wallebot/config/mapper_params_online_async.yaml
[0.574s] -- Symlinking: /home/vithesh/dev_ws/src/ros2_ws/src/wallebot/install/wallebot/share/wallebot/config/view_bot.rviz
[0.586s] -- Symlinking: /home/vithesh/dev_ws/src/ros2_ws/src/wallebot/install/wallebot/share/wallebot/description/inertial_macros.xacro
[0.599s] -- Symlinking: /home/vithesh/dev_ws/src/ros2_ws/src/wallebot/install/wallebot/share/wallebot/description/robot.urdf.xacro
[0.611s] -- Symlinking: /home/vithesh/dev_ws/src/ros2_ws/src/wallebot/install/wallebot/share/wallebot/description/robot_core.xacro
[0.623s] -- Symlinking: /home/vithesh/dev_ws/src/ros2_ws/src/wallebot/install/wallebot/share/wallebot/launch/rsp.launch.py
[0.636s] -- Symlinking: /home/vithesh/dev_ws/src/ros2_ws/src/wallebot/install/wallebot/share/wallebot/worlds/empty.world
[0.649s] -- Symlinking: /home/vithesh/dev_ws/src/ros2_ws/src/wallebot/install/wallebot/share/ament_index/resource_index/package_run_dependencies/wallebot
[0.662s] -- Symlinking: /home/vithesh/dev_ws/src/ros2_ws/src/wallebot/install/wallebot/share/ament_index/resource_index/parent_prefix_path/wallebot
[0.675s] -- Symlinking: /home/vithesh/dev_ws/src/ros2_ws/src/wallebot/install/wallebot/share/wallebot/environment/ament_prefix_path.sh
[0.687s] -- Symlinking: /home/vithesh/dev_ws/src/ros2_ws/src/wallebot/install/wallebot/share/wallebot/environment/ament_prefix_path.dsv
[0.699s] -- Symlinking: /home/vithesh/dev_ws/src/ros2_ws/src/wallebot/install/wallebot/share/wallebot/environment/path.sh
[0.712s] -- Symlinking: /home/vithesh/dev_ws/src/ros2_ws/src/wallebot/install/wallebot/share/wallebot/environment/path.dsv
[0.724s] -- Symlinking: /home/vithesh/dev_ws/src/ros2_ws/src/wallebot/install/wallebot/share/wallebot/local_setup.bash
[0.736s] -- Symlinking: /home/vithesh/dev_ws/src/ros2_ws/src/wallebot/install/wallebot/share/wallebot/local_setup.sh
[0.749s] -- Symlinking: /home/vithesh/dev_ws/src/ros2_ws/src/wallebot/install/wallebot/share/wallebot/local_setup.zsh
[0.761s] -- Symlinking: /home/vithesh/dev_ws/src/ros2_ws/src/wallebot/install/wallebot/share/wallebot/local_setup.dsv
[0.773s] -- Symlinking: /home/vithesh/dev_ws/src/ros2_ws/src/wallebot/install/wallebot/share/wallebot/package.dsv
[0.786s] -- Symlinking: /home/vithesh/dev_ws/src/ros2_ws/src/wallebot/install/wallebot/share/ament_index/resource_index/packages/wallebot
[0.800s] -- Symlinking: /home/vithesh/dev_ws/src/ros2_ws/src/wallebot/install/wallebot/share/wallebot/cmake/wallebotConfig.cmake
[0.813s] -- Symlinking: /home/vithesh/dev_ws/src/ros2_ws/src/wallebot/install/wallebot/share/wallebot/cmake/wallebotConfig-version.cmake
[0.825s] -- Symlinking: /home/vithesh/dev_ws/src/ros2_ws/src/wallebot/install/wallebot/share/wallebot/package.xml
[0.840s] Invoked command in '/home/vithesh/dev_ws/src/ros2_ws/src/wallebot/build/wallebot' returned '0': CMAKE_PREFIX_PATH=${CMAKE_PREFIX_PATH}:/opt/ros/iron /usr/bin/cmake --install /home/vithesh/dev_ws/src/ros2_ws/src/wallebot/build/wallebot
