-- Install configuration: ""
-- Execute custom install script
-- Up-to-date symlink: /home/vithesh/dev_ws/src/ros2_ws/src/wallebot/install/wallebot/share/wallebot/config/empty.yaml
-- Up-to-date symlink: /home/vithesh/dev_ws/src/ros2_ws/src/wallebot/install/wallebot/share/wallebot/config/mapper_params_online_async.yaml
-- Up-to-date symlink: /home/vithesh/dev_ws/src/ros2_ws/src/wallebot/install/wallebot/share/wallebot/config/view_bot.rviz
-- Symlinking: /home/vithesh/dev_ws/src/ros2_ws/src/wallebot/install/wallebot/share/wallebot/description/gazebo_control.xacro
-- Up-to-date symlink: /home/vithesh/dev_ws/src/ros2_ws/src/wallebot/install/wallebot/share/wallebot/description/inertial_macros.xacro
-- Up-to-date symlink: /home/vithesh/dev_ws/src/ros2_ws/src/wallebot/install/wallebot/share/wallebot/description/robot.urdf.xacro
-- Up-to-date symlink: /home/vithesh/dev_ws/src/ros2_ws/src/wallebot/install/wallebot/share/wallebot/description/robot_core.xacro
-- Up-to-date symlink: /home/vithesh/dev_ws/src/ros2_ws/src/wallebot/install/wallebot/share/wallebot/launch/launch_sim.launch.py
-- Up-to-date symlink: /home/vithesh/dev_ws/src/ros2_ws/src/wallebot/install/wallebot/share/wallebot/launch/rsp.launch.py
-- Up-to-date symlink: /home/vithesh/dev_ws/src/ros2_ws/src/wallebot/install/wallebot/share/wallebot/worlds/empty.world
-- Symlinking: /home/vithesh/dev_ws/src/ros2_ws/src/wallebot/install/wallebot/share/wallebot/worlds/obstacles
-- Up-to-date symlink: /home/vithesh/dev_ws/src/ros2_ws/src/wallebot/install/wallebot/share/ament_index/resource_index/package_run_dependencies/wallebot
-- Up-to-date symlink: /home/vithesh/dev_ws/src/ros2_ws/src/wallebot/install/wallebot/share/ament_index/resource_index/parent_prefix_path/wallebot
-- Up-to-date symlink: /home/vithesh/dev_ws/src/ros2_ws/src/wallebot/install/wallebot/share/wallebot/environment/ament_prefix_path.sh
-- Up-to-date symlink: /home/vithesh/dev_ws/src/ros2_ws/src/wallebot/install/wallebot/share/wallebot/environment/ament_prefix_path.dsv
-- Up-to-date symlink: /home/vithesh/dev_ws/src/ros2_ws/src/wallebot/install/wallebot/share/wallebot/environment/path.sh
-- Up-to-date symlink: /home/vithesh/dev_ws/src/ros2_ws/src/wallebot/install/wallebot/share/wallebot/environment/path.dsv
-- Up-to-date symlink: /home/vithesh/dev_ws/src/ros2_ws/src/wallebot/install/wallebot/share/wallebot/local_setup.bash
-- Up-to-date symlink: /home/vithesh/dev_ws/src/ros2_ws/src/wallebot/install/wallebot/share/wallebot/local_setup.sh
-- Up-to-date symlink: /home/vithesh/dev_ws/src/ros2_ws/src/wallebot/install/wallebot/share/wallebot/local_setup.zsh
-- Up-to-date symlink: /home/vithesh/dev_ws/src/ros2_ws/src/wallebot/install/wallebot/share/wallebot/local_setup.dsv
-- Symlinking: /home/vithesh/dev_ws/src/ros2_ws/src/wallebot/install/wallebot/share/wallebot/package.dsv
-- Up-to-date symlink: /home/vithesh/dev_ws/src/ros2_ws/src/wallebot/install/wallebot/share/ament_index/resource_index/packages/wallebot
-- Up-to-date symlink: /home/vithesh/dev_ws/src/ros2_ws/src/wallebot/install/wallebot/share/wallebot/cmake/wallebotConfig.cmake
-- Up-to-date symlink: /home/vithesh/dev_ws/src/ros2_ws/src/wallebot/install/wallebot/share/wallebot/cmake/wallebotConfig-version.cmake
-- Up-to-date symlink: /home/vithesh/dev_ws/src/ros2_ws/src/wallebot/install/wallebot/share/wallebot/package.xml
