[0.163s] DEBUG:colcon:Command line arguments: ['/usr/bin/colcon', 'build', '--symlink-install']
[0.163s] DEBUG:colcon:Parsed command line arguments: Namespace(log_base=None, log_level=None, verb_name='build', build_base='build', install_base='install', merge_install=False, symlink_install=True, test_result_base=None, continue_on_error=False, executor='parallel', parallel_workers=8, event_handlers=None, ignore_user_meta=False, metas=['./colcon.meta'], base_paths=['.'], packages_ignore=None, packages_ignore_regex=None, paths=None, packages_up_to=None, packages_up_to_regex=None, packages_above=None, packages_above_and_dependencies=None, packages_above_depth=None, packages_select_by_dep=None, packages_skip_by_dep=None, packages_skip_up_to=None, packages_select_build_failed=False, packages_skip_build_finished=False, packages_select_test_failures=False, packages_skip_test_passed=False, packages_select=None, packages_skip=None, packages_select_regex=None, packages_skip_regex=None, packages_start=None, packages_end=None, allow_overriding=[], cmake_args=None, cmake_target=None, cmake_target_skip_unavailable=False, cmake_clean_cache=False, cmake_clean_first=False, cmake_force_configure=False, ament_cmake_args=None, catkin_cmake_args=None, catkin_skip_building_tests=False, verb_parser=<colcon_defaults.argument_parser.defaults.DefaultArgumentsDecorator object at 0x7df298fedde0>, verb_extension=<colcon_core.verb.build.BuildVerb object at 0x7df29914ab00>, main=<bound method BuildVerb.main of <colcon_core.verb.build.BuildVerb object at 0x7df29914ab00>>)
[0.484s] Level 1:colcon.colcon_core.package_discovery:discover_packages(colcon_meta) check parameters
[0.484s] Level 1:colcon.colcon_core.package_discovery:discover_packages(recursive) check parameters
[0.484s] Level 1:colcon.colcon_core.package_discovery:discover_packages(ignore) check parameters
[0.484s] Level 1:colcon.colcon_core.package_discovery:discover_packages(path) check parameters
[0.484s] Level 1:colcon.colcon_core.package_discovery:discover_packages(colcon_meta) discover
[0.484s] Level 1:colcon.colcon_core.package_discovery:discover_packages(recursive) discover
[0.485s] INFO:colcon.colcon_core.package_discovery:Crawling recursively for packages in '/home/vithesh/dev_ws/src/ros2_ws/src/wallebot'
[0.485s] Level 1:colcon.colcon_core.package_identification:_identify(.) by extensions ['ignore', 'ignore_ament_install']
[0.485s] Level 1:colcon.colcon_core.package_identification:_identify(.) by extension 'ignore'
[0.485s] Level 1:colcon.colcon_core.package_identification:_identify(.) by extension 'ignore_ament_install'
[0.485s] Level 1:colcon.colcon_core.package_identification:_identify(.) by extensions ['colcon_pkg']
[0.485s] Level 1:colcon.colcon_core.package_identification:_identify(.) by extension 'colcon_pkg'
[0.485s] Level 1:colcon.colcon_core.package_identification:_identify(.) by extensions ['colcon_meta']
[0.485s] Level 1:colcon.colcon_core.package_identification:_identify(.) by extension 'colcon_meta'
[0.485s] Level 1:colcon.colcon_core.package_identification:_identify(.) by extensions ['ros']
[0.485s] Level 1:colcon.colcon_core.package_identification:_identify(.) by extension 'ros'
[0.514s] DEBUG:colcon.colcon_core.package_identification:Package '.' with type 'ros.ament_cmake' and name 'wallebot'
[0.514s] Level 1:colcon.colcon_core.package_discovery:discover_packages(recursive) using defaults
[0.514s] Level 1:colcon.colcon_core.package_discovery:discover_packages(ignore) discover
[0.514s] Level 1:colcon.colcon_core.package_discovery:discover_packages(ignore) using defaults
[0.514s] Level 1:colcon.colcon_core.package_discovery:discover_packages(path) discover
[0.514s] Level 1:colcon.colcon_core.package_discovery:discover_packages(path) using defaults
[0.542s] Level 1:colcon.colcon_core.package_discovery:discover_packages(prefix_path) check parameters
[0.542s] Level 1:colcon.colcon_core.package_discovery:discover_packages(prefix_path) discover
[0.545s] DEBUG:colcon.colcon_installed_package_information.package_discovery:Found 0 installed packages in /home/vithesh/dev_ws/src/ros2_ws/src/wallebot/install
[0.545s] DEBUG:colcon.colcon_installed_package_information.package_discovery:Found 2 installed packages in /home/vithesh/dev_ws/src/ydlidar_ws/install
[0.546s] DEBUG:colcon.colcon_installed_package_information.package_discovery:Found 0 installed packages in /home/vithesh/dev_ws/install
[0.548s] DEBUG:colcon.colcon_installed_package_information.package_discovery:Found 336 installed packages in /opt/ros/iron
[0.550s] Level 1:colcon.colcon_core.package_discovery:discover_packages(prefix_path) using defaults
[0.621s] Level 5:colcon.colcon_core.verb:set package 'wallebot' build argument 'cmake_args' from command line to 'None'
[0.621s] Level 5:colcon.colcon_core.verb:set package 'wallebot' build argument 'cmake_target' from command line to 'None'
[0.621s] Level 5:colcon.colcon_core.verb:set package 'wallebot' build argument 'cmake_target_skip_unavailable' from command line to 'False'
[0.622s] Level 5:colcon.colcon_core.verb:set package 'wallebot' build argument 'cmake_clean_cache' from command line to 'False'
[0.622s] Level 5:colcon.colcon_core.verb:set package 'wallebot' build argument 'cmake_clean_first' from command line to 'False'
[0.622s] Level 5:colcon.colcon_core.verb:set package 'wallebot' build argument 'cmake_force_configure' from command line to 'False'
[0.622s] Level 5:colcon.colcon_core.verb:set package 'wallebot' build argument 'ament_cmake_args' from command line to 'None'
[0.622s] Level 5:colcon.colcon_core.verb:set package 'wallebot' build argument 'catkin_cmake_args' from command line to 'None'
[0.622s] Level 5:colcon.colcon_core.verb:set package 'wallebot' build argument 'catkin_skip_building_tests' from command line to 'False'
[0.622s] DEBUG:colcon.colcon_core.verb:Building package 'wallebot' with the following arguments: {'ament_cmake_args': None, 'build_base': '/home/vithesh/dev_ws/src/ros2_ws/src/wallebot/build/wallebot', 'catkin_cmake_args': None, 'catkin_skip_building_tests': False, 'cmake_args': None, 'cmake_clean_cache': False, 'cmake_clean_first': False, 'cmake_force_configure': False, 'cmake_target': None, 'cmake_target_skip_unavailable': False, 'install_base': '/home/vithesh/dev_ws/src/ros2_ws/src/wallebot/install/wallebot', 'merge_install': False, 'path': '/home/vithesh/dev_ws/src/ros2_ws/src/wallebot', 'symlink_install': True, 'test_result_base': None}
[0.622s] INFO:colcon.colcon_core.executor:Executing jobs using 'parallel' executor
[0.623s] DEBUG:colcon.colcon_parallel_executor.executor.parallel:run_until_complete
[0.623s] INFO:colcon.colcon_ros.task.ament_cmake.build:Building ROS package in '/home/vithesh/dev_ws/src/ros2_ws/src/wallebot' with build type 'ament_cmake'
[0.624s] INFO:colcon.colcon_cmake.task.cmake.build:Building CMake package in '/home/vithesh/dev_ws/src/ros2_ws/src/wallebot'
[0.626s] INFO:colcon.colcon_core.plugin_system:Skipping extension 'colcon_core.shell.bat': Not used on non-Windows systems
[0.627s] INFO:colcon.colcon_core.shell:Skip shell extension 'powershell' for command environment: Not usable outside of PowerShell
[0.627s] DEBUG:colcon.colcon_core.shell:Skip shell extension 'dsv' for command environment
[0.639s] DEBUG:colcon.colcon_core.event_handler.log_command:Invoking command in '/home/vithesh/dev_ws/src/ros2_ws/src/wallebot/build/wallebot': CMAKE_PREFIX_PATH=${CMAKE_PREFIX_PATH}:/opt/ros/iron /usr/bin/cmake /home/vithesh/dev_ws/src/ros2_ws/src/wallebot -DAMENT_CMAKE_SYMLINK_INSTALL=1 -DCMAKE_INSTALL_PREFIX=/home/vithesh/dev_ws/src/ros2_ws/src/wallebot/install/wallebot
[1.062s] DEBUG:colcon.colcon_core.event_handler.log_command:Invoked command in '/home/vithesh/dev_ws/src/ros2_ws/src/wallebot/build/wallebot' returned '0': CMAKE_PREFIX_PATH=${CMAKE_PREFIX_PATH}:/opt/ros/iron /usr/bin/cmake /home/vithesh/dev_ws/src/ros2_ws/src/wallebot -DAMENT_CMAKE_SYMLINK_INSTALL=1 -DCMAKE_INSTALL_PREFIX=/home/vithesh/dev_ws/src/ros2_ws/src/wallebot/install/wallebot
[1.065s] DEBUG:colcon.colcon_core.event_handler.log_command:Invoking command in '/home/vithesh/dev_ws/src/ros2_ws/src/wallebot/build/wallebot': CMAKE_PREFIX_PATH=${CMAKE_PREFIX_PATH}:/opt/ros/iron /usr/bin/cmake --build /home/vithesh/dev_ws/src/ros2_ws/src/wallebot/build/wallebot -- -j8 -l8
[1.117s] DEBUG:colcon.colcon_core.event_handler.log_command:Invoked command in '/home/vithesh/dev_ws/src/ros2_ws/src/wallebot/build/wallebot' returned '0': CMAKE_PREFIX_PATH=${CMAKE_PREFIX_PATH}:/opt/ros/iron /usr/bin/cmake --build /home/vithesh/dev_ws/src/ros2_ws/src/wallebot/build/wallebot -- -j8 -l8
[1.162s] DEBUG:colcon.colcon_core.event_handler.log_command:Invoking command in '/home/vithesh/dev_ws/src/ros2_ws/src/wallebot/build/wallebot': CMAKE_PREFIX_PATH=${CMAKE_PREFIX_PATH}:/opt/ros/iron /usr/bin/cmake --install /home/vithesh/dev_ws/src/ros2_ws/src/wallebot/build/wallebot
[1.463s] Level 1:colcon.colcon_core.environment:create_environment_scripts_only(wallebot)
[1.464s] DEBUG:colcon.colcon_core.event_handler.log_command:Invoked command in '/home/vithesh/dev_ws/src/ros2_ws/src/wallebot/build/wallebot' returned '0': CMAKE_PREFIX_PATH=${CMAKE_PREFIX_PATH}:/opt/ros/iron /usr/bin/cmake --install /home/vithesh/dev_ws/src/ros2_ws/src/wallebot/build/wallebot
[1.467s] Level 1:colcon.colcon_core.environment:checking '/home/vithesh/dev_ws/src/ros2_ws/src/wallebot/install/wallebot' for CMake module files
[1.468s] Level 1:colcon.colcon_core.environment:checking '/home/vithesh/dev_ws/src/ros2_ws/src/wallebot/install/wallebot' for CMake config files
[1.469s] Level 1:colcon.colcon_core.shell:create_environment_hook('wallebot', 'cmake_prefix_path')
[1.469s] INFO:colcon.colcon_core.shell:Creating environment hook '/home/vithesh/dev_ws/src/ros2_ws/src/wallebot/install/wallebot/share/wallebot/hook/cmake_prefix_path.ps1'
[1.470s] INFO:colcon.colcon_core.shell:Creating environment descriptor '/home/vithesh/dev_ws/src/ros2_ws/src/wallebot/install/wallebot/share/wallebot/hook/cmake_prefix_path.dsv'
[1.470s] INFO:colcon.colcon_core.shell:Creating environment hook '/home/vithesh/dev_ws/src/ros2_ws/src/wallebot/install/wallebot/share/wallebot/hook/cmake_prefix_path.sh'
[1.471s] Level 1:colcon.colcon_core.environment:checking '/home/vithesh/dev_ws/src/ros2_ws/src/wallebot/install/wallebot/bin'
[1.471s] Level 1:colcon.colcon_core.environment:checking '/home/vithesh/dev_ws/src/ros2_ws/src/wallebot/install/wallebot/lib/pkgconfig/wallebot.pc'
[1.472s] Level 1:colcon.colcon_core.environment:checking '/home/vithesh/dev_ws/src/ros2_ws/src/wallebot/install/wallebot/lib/python3.10/site-packages'
[1.472s] Level 1:colcon.colcon_core.environment:checking '/home/vithesh/dev_ws/src/ros2_ws/src/wallebot/install/wallebot/bin'
[1.473s] INFO:colcon.colcon_core.shell:Creating package script '/home/vithesh/dev_ws/src/ros2_ws/src/wallebot/install/wallebot/share/wallebot/package.ps1'
[1.474s] INFO:colcon.colcon_core.shell:Creating package descriptor '/home/vithesh/dev_ws/src/ros2_ws/src/wallebot/install/wallebot/share/wallebot/package.dsv'
[1.474s] INFO:colcon.colcon_core.shell:Creating package script '/home/vithesh/dev_ws/src/ros2_ws/src/wallebot/install/wallebot/share/wallebot/package.sh'
[1.475s] INFO:colcon.colcon_core.shell:Creating package script '/home/vithesh/dev_ws/src/ros2_ws/src/wallebot/install/wallebot/share/wallebot/package.bash'
[1.476s] INFO:colcon.colcon_core.shell:Creating package script '/home/vithesh/dev_ws/src/ros2_ws/src/wallebot/install/wallebot/share/wallebot/package.zsh'
[1.477s] Level 1:colcon.colcon_core.environment:create_file_with_runtime_dependencies(/home/vithesh/dev_ws/src/ros2_ws/src/wallebot/install/wallebot/share/colcon-core/packages/wallebot)
[1.507s] Level 1:colcon.colcon_core.environment:create_environment_scripts_only(wallebot)
[1.508s] Level 1:colcon.colcon_core.environment:checking '/home/vithesh/dev_ws/src/ros2_ws/src/wallebot/install/wallebot' for CMake module files
[1.508s] Level 1:colcon.colcon_core.environment:checking '/home/vithesh/dev_ws/src/ros2_ws/src/wallebot/install/wallebot' for CMake config files
[1.509s] Level 1:colcon.colcon_core.shell:create_environment_hook('wallebot', 'cmake_prefix_path')
[1.509s] INFO:colcon.colcon_core.shell:Creating environment hook '/home/vithesh/dev_ws/src/ros2_ws/src/wallebot/install/wallebot/share/wallebot/hook/cmake_prefix_path.ps1'
[1.510s] INFO:colcon.colcon_core.shell:Creating environment descriptor '/home/vithesh/dev_ws/src/ros2_ws/src/wallebot/install/wallebot/share/wallebot/hook/cmake_prefix_path.dsv'
[1.510s] INFO:colcon.colcon_core.shell:Creating environment hook '/home/vithesh/dev_ws/src/ros2_ws/src/wallebot/install/wallebot/share/wallebot/hook/cmake_prefix_path.sh'
[1.511s] Level 1:colcon.colcon_core.environment:checking '/home/vithesh/dev_ws/src/ros2_ws/src/wallebot/install/wallebot/bin'
[1.511s] Level 1:colcon.colcon_core.environment:checking '/home/vithesh/dev_ws/src/ros2_ws/src/wallebot/install/wallebot/lib/pkgconfig/wallebot.pc'
[1.511s] Level 1:colcon.colcon_core.environment:checking '/home/vithesh/dev_ws/src/ros2_ws/src/wallebot/install/wallebot/lib/python3.10/site-packages'
[1.512s] Level 1:colcon.colcon_core.environment:checking '/home/vithesh/dev_ws/src/ros2_ws/src/wallebot/install/wallebot/bin'
[1.512s] INFO:colcon.colcon_core.shell:Creating package script '/home/vithesh/dev_ws/src/ros2_ws/src/wallebot/install/wallebot/share/wallebot/package.ps1'
[1.512s] INFO:colcon.colcon_core.shell:Creating package descriptor '/home/vithesh/dev_ws/src/ros2_ws/src/wallebot/install/wallebot/share/wallebot/package.dsv'
[1.513s] INFO:colcon.colcon_core.shell:Creating package script '/home/vithesh/dev_ws/src/ros2_ws/src/wallebot/install/wallebot/share/wallebot/package.sh'
[1.514s] INFO:colcon.colcon_core.shell:Creating package script '/home/vithesh/dev_ws/src/ros2_ws/src/wallebot/install/wallebot/share/wallebot/package.bash'
[1.514s] INFO:colcon.colcon_core.shell:Creating package script '/home/vithesh/dev_ws/src/ros2_ws/src/wallebot/install/wallebot/share/wallebot/package.zsh'
[1.515s] Level 1:colcon.colcon_core.environment:create_file_with_runtime_dependencies(/home/vithesh/dev_ws/src/ros2_ws/src/wallebot/install/wallebot/share/colcon-core/packages/wallebot)
[1.515s] DEBUG:colcon.colcon_parallel_executor.executor.parallel:closing loop
[1.515s] DEBUG:colcon.colcon_parallel_executor.executor.parallel:loop closed
[1.515s] DEBUG:colcon.colcon_parallel_executor.executor.parallel:run_until_complete finished with '0'
[1.515s] DEBUG:colcon.colcon_core.event_reactor:joining thread
[1.522s] INFO:colcon.colcon_core.plugin_system:Skipping extension 'colcon_notification.desktop_notification.terminal_notifier': Not used on non-Darwin systems
[1.522s] INFO:colcon.colcon_core.plugin_system:Skipping extension 'colcon_notification.desktop_notification.win32': Not used on non-Windows systems
[1.522s] INFO:colcon.colcon_notification.desktop_notification:Sending desktop notification using 'notify2'
[1.538s] DEBUG:colcon.colcon_core.event_reactor:joined thread
[1.538s] INFO:colcon.colcon_core.shell:Creating prefix script '/home/vithesh/dev_ws/src/ros2_ws/src/wallebot/install/local_setup.ps1'
[1.539s] INFO:colcon.colcon_core.shell:Creating prefix util module '/home/vithesh/dev_ws/src/ros2_ws/src/wallebot/install/_local_setup_util_ps1.py'
[1.541s] INFO:colcon.colcon_core.shell:Creating prefix chain script '/home/vithesh/dev_ws/src/ros2_ws/src/wallebot/install/setup.ps1'
[1.543s] INFO:colcon.colcon_core.shell:Creating prefix script '/home/vithesh/dev_ws/src/ros2_ws/src/wallebot/install/local_setup.sh'
[1.543s] INFO:colcon.colcon_core.shell:Creating prefix util module '/home/vithesh/dev_ws/src/ros2_ws/src/wallebot/install/_local_setup_util_sh.py'
[1.544s] INFO:colcon.colcon_core.shell:Creating prefix chain script '/home/vithesh/dev_ws/src/ros2_ws/src/wallebot/install/setup.sh'
[1.546s] INFO:colcon.colcon_core.shell:Creating prefix script '/home/vithesh/dev_ws/src/ros2_ws/src/wallebot/install/local_setup.bash'
[1.547s] INFO:colcon.colcon_core.shell:Creating prefix chain script '/home/vithesh/dev_ws/src/ros2_ws/src/wallebot/install/setup.bash'
[1.548s] INFO:colcon.colcon_core.shell:Creating prefix script '/home/vithesh/dev_ws/src/ros2_ws/src/wallebot/install/local_setup.zsh'
[1.549s] INFO:colcon.colcon_core.shell:Creating prefix chain script '/home/vithesh/dev_ws/src/ros2_ws/src/wallebot/install/setup.zsh'
