[0.011s] Invoking command in '/home/vithesh/dev_ws/src/ros2_ws/src/wallebot/build/wallebot': /usr/bin/cmake /home/vithesh/dev_ws/src/ros2_ws/src/wallebot -DCMAKE_INSTALL_PREFIX=/home/vithesh/dev_ws/src/ros2_ws/src/wallebot/install/wallebot
[0.086s] -- The C compiler identification is GNU 11.4.0
[0.166s] -- The CXX compiler identification is GNU 11.4.0
[0.176s] -- Detecting C compiler ABI info
[0.269s] -- Detecting C compiler ABI info - done
[0.280s] -- Check for working C compiler: /usr/bin/cc - skipped
[0.280s] -- Detecting C compile features
[0.281s] -- Detecting C compile features - done
[0.285s] -- Detecting CXX compiler ABI info
[0.426s] -- Detecting CXX compiler ABI info - done
[0.443s] -- Check for working CXX compiler: /usr/bin/c++ - skipped
[0.444s] -- Detecting CXX compile features
[0.445s] -- Detecting CXX compile features - done
[0.449s] -- Found ament_cmake: 2.0.4 (/opt/ros/iron/share/ament_cmake/cmake)
[0.697s] -- Found Python3: /usr/bin/python3.10 (found version "3.10.12") found components: Interpreter 
[0.825s] [31mCMake Error at CMakeLists.txt:25 (find_package):
[0.826s]   By not providing "Findament_lint_auto.cmake" in CMAKE_MODULE_PATH this
[0.826s]   project has asked CMake to find a package configuration file provided by
[0.826s]   "ament_lint_auto", but CMake did not find one.
[0.826s] 
[0.826s]   Could not find a package configuration file provided by "ament_lint_auto"
[0.826s]   with any of the following names:
[0.826s] 
[0.826s]     ament_lint_autoConfig.cmake
[0.826s]     ament_lint_auto-config.cmake
[0.827s] 
[0.827s]   Add the installation prefix of "ament_lint_auto" to CMAKE_PREFIX_PATH or
[0.827s]   set "ament_lint_auto_DIR" to a directory containing one of the above files.
[0.827s]   If "ament_lint_auto" provides a separate development package or SDK, be
[0.827s]   sure it has been installed.
[0.827s] 
[0.827s] [0m
[0.827s] -- Configuring incomplete, errors occurred!
[0.827s] See also "/home/vithesh/dev_ws/src/ros2_ws/src/wallebot/build/wallebot/CMakeFiles/CMakeOutput.log".
[0.831s] Invoked command in '/home/vithesh/dev_ws/src/ros2_ws/src/wallebot/build/wallebot' returned '1': /usr/bin/cmake /home/vithesh/dev_ws/src/ros2_ws/src/wallebot -DCMAKE_INSTALL_PREFIX=/home/vithesh/dev_ws/src/ros2_ws/src/wallebot/install/wallebot
