[0.010s] Invoking command in '/home/vithesh/dev_ws/src/ros2_ws/src/wallebot/build/wallebot': CMAKE_PREFIX_PATH=${CMAKE_PREFIX_PATH}:/opt/ros/iron /usr/bin/cmake --build /home/vithesh/dev_ws/src/ros2_ws/src/wallebot/build/wallebot -- -j8 -l8
[0.043s] Invoked command in '/home/vithesh/dev_ws/src/ros2_ws/src/wallebot/build/wallebot' returned '0': CMAKE_PREFIX_PATH=${CMAKE_PREFIX_PATH}:/opt/ros/iron /usr/bin/cmake --build /home/vithesh/dev_ws/src/ros2_ws/src/wallebot/build/wallebot -- -j8 -l8
[0.076s] Invoking command in '/home/vithesh/dev_ws/src/ros2_ws/src/wallebot/build/wallebot': CMAKE_PREFIX_PATH=${CMAKE_PREFIX_PATH}:/opt/ros/iron /usr/bin/cmake --install /home/vithesh/dev_ws/src/ros2_ws/src/wallebot/build/wallebot
[0.085s] -- Install configuration: ""
[0.086s] -- Execute custom install script
[0.087s] -- Up-to-date symlink: /home/vithesh/dev_ws/src/ros2_ws/src/wallebot/install/wallebot/share/wallebot/config/empty.yaml
[0.087s] -- Up-to-date symlink: /home/vithesh/dev_ws/src/ros2_ws/src/wallebot/install/wallebot/share/wallebot/config/mapper_params_online_async.yaml
[0.087s] -- Up-to-date symlink: /home/vithesh/dev_ws/src/ros2_ws/src/wallebot/install/wallebot/share/wallebot/config/view_bot.rviz
[0.087s] -- Up-to-date symlink: /home/vithesh/dev_ws/src/ros2_ws/src/wallebot/install/wallebot/share/wallebot/description/inertial_macros.xacro
[0.088s] -- Up-to-date symlink: /home/vithesh/dev_ws/src/ros2_ws/src/wallebot/install/wallebot/share/wallebot/description/robot.urdf.xacro
[0.088s] -- Up-to-date symlink: /home/vithesh/dev_ws/src/ros2_ws/src/wallebot/install/wallebot/share/wallebot/description/robot_core.xacro
[0.088s] -- Symlinking: /home/vithesh/dev_ws/src/ros2_ws/src/wallebot/install/wallebot/share/wallebot/launch/launch_sim.launch.py
[0.101s] -- Up-to-date symlink: /home/vithesh/dev_ws/src/ros2_ws/src/wallebot/install/wallebot/share/wallebot/launch/rsp.launch.py
[0.101s] -- Up-to-date symlink: /home/vithesh/dev_ws/src/ros2_ws/src/wallebot/install/wallebot/share/wallebot/worlds/empty.world
[0.101s] -- Up-to-date symlink: /home/vithesh/dev_ws/src/ros2_ws/src/wallebot/install/wallebot/share/ament_index/resource_index/package_run_dependencies/wallebot
[0.102s] -- Up-to-date symlink: /home/vithesh/dev_ws/src/ros2_ws/src/wallebot/install/wallebot/share/ament_index/resource_index/parent_prefix_path/wallebot
[0.102s] -- Up-to-date symlink: /home/vithesh/dev_ws/src/ros2_ws/src/wallebot/install/wallebot/share/wallebot/environment/ament_prefix_path.sh
[0.102s] -- Up-to-date symlink: /home/vithesh/dev_ws/src/ros2_ws/src/wallebot/install/wallebot/share/wallebot/environment/ament_prefix_path.dsv
[0.102s] -- Up-to-date symlink: /home/vithesh/dev_ws/src/ros2_ws/src/wallebot/install/wallebot/share/wallebot/environment/path.sh
[0.103s] -- Up-to-date symlink: /home/vithesh/dev_ws/src/ros2_ws/src/wallebot/install/wallebot/share/wallebot/environment/path.dsv
[0.103s] -- Up-to-date symlink: /home/vithesh/dev_ws/src/ros2_ws/src/wallebot/install/wallebot/share/wallebot/local_setup.bash
[0.103s] -- Up-to-date symlink: /home/vithesh/dev_ws/src/ros2_ws/src/wallebot/install/wallebot/share/wallebot/local_setup.sh
[0.103s] -- Up-to-date symlink: /home/vithesh/dev_ws/src/ros2_ws/src/wallebot/install/wallebot/share/wallebot/local_setup.zsh
[0.104s] -- Up-to-date symlink: /home/vithesh/dev_ws/src/ros2_ws/src/wallebot/install/wallebot/share/wallebot/local_setup.dsv
[0.104s] -- Symlinking: /home/vithesh/dev_ws/src/ros2_ws/src/wallebot/install/wallebot/share/wallebot/package.dsv
[0.117s] -- Up-to-date symlink: /home/vithesh/dev_ws/src/ros2_ws/src/wallebot/install/wallebot/share/ament_index/resource_index/packages/wallebot
[0.117s] -- Up-to-date symlink: /home/vithesh/dev_ws/src/ros2_ws/src/wallebot/install/wallebot/share/wallebot/cmake/wallebotConfig.cmake
[0.117s] -- Up-to-date symlink: /home/vithesh/dev_ws/src/ros2_ws/src/wallebot/install/wallebot/share/wallebot/cmake/wallebotConfig-version.cmake
[0.117s] -- Up-to-date symlink: /home/vithesh/dev_ws/src/ros2_ws/src/wallebot/install/wallebot/share/wallebot/package.xml
[0.120s] Invoked command in '/home/vithesh/dev_ws/src/ros2_ws/src/wallebot/build/wallebot' returned '0': CMAKE_PREFIX_PATH=${CMAKE_PREFIX_PATH}:/opt/ros/iron /usr/bin/cmake --install /home/vithesh/dev_ws/src/ros2_ws/src/wallebot/build/wallebot
