[0.167s] DEBUG:colcon:Command line arguments: ['/usr/bin/colcon', 'build', '--symlink-install']
[0.167s] DEBUG:colcon:Parsed command line arguments: Namespace(log_base=None, log_level=None, verb_name='build', build_base='build', install_base='install', merge_install=False, symlink_install=True, test_result_base=None, continue_on_error=False, executor='parallel', parallel_workers=8, event_handlers=None, ignore_user_meta=False, metas=['./colcon.meta'], base_paths=['.'], packages_ignore=None, packages_ignore_regex=None, paths=None, packages_up_to=None, packages_up_to_regex=None, packages_above=None, packages_above_and_dependencies=None, packages_above_depth=None, packages_select_by_dep=None, packages_skip_by_dep=None, packages_skip_up_to=None, packages_select_build_failed=False, packages_skip_build_finished=False, packages_select_test_failures=False, packages_skip_test_passed=False, packages_select=None, packages_skip=None, packages_select_regex=None, packages_skip_regex=None, packages_start=None, packages_end=None, allow_overriding=[], cmake_args=None, cmake_target=None, cmake_target_skip_unavailable=False, cmake_clean_cache=False, cmake_clean_first=False, cmake_force_configure=False, ament_cmake_args=None, catkin_cmake_args=None, catkin_skip_building_tests=False, verb_parser=<colcon_defaults.argument_parser.defaults.DefaultArgumentsDecorator object at 0x7c8a33161f00>, verb_extension=<colcon_core.verb.build.BuildVerb object at 0x7c8a33262c20>, main=<bound method BuildVerb.main of <colcon_core.verb.build.BuildVerb object at 0x7c8a33262c20>>)
[0.496s] Level 1:colcon.colcon_core.package_discovery:discover_packages(colcon_meta) check parameters
[0.497s] Level 1:colcon.colcon_core.package_discovery:discover_packages(recursive) check parameters
[0.497s] Level 1:colcon.colcon_core.package_discovery:discover_packages(ignore) check parameters
[0.497s] Level 1:colcon.colcon_core.package_discovery:discover_packages(path) check parameters
[0.497s] Level 1:colcon.colcon_core.package_discovery:discover_packages(colcon_meta) discover
[0.497s] Level 1:colcon.colcon_core.package_discovery:discover_packages(recursive) discover
[0.497s] INFO:colcon.colcon_core.package_discovery:Crawling recursively for packages in '/home/vithesh/dev_ws/src/ros2_ws/src/wallebot'
[0.497s] Level 1:colcon.colcon_core.package_identification:_identify(.) by extensions ['ignore', 'ignore_ament_install']
[0.498s] Level 1:colcon.colcon_core.package_identification:_identify(.) by extension 'ignore'
[0.498s] Level 1:colcon.colcon_core.package_identification:_identify(.) by extension 'ignore_ament_install'
[0.498s] Level 1:colcon.colcon_core.package_identification:_identify(.) by extensions ['colcon_pkg']
[0.498s] Level 1:colcon.colcon_core.package_identification:_identify(.) by extension 'colcon_pkg'
[0.498s] Level 1:colcon.colcon_core.package_identification:_identify(.) by extensions ['colcon_meta']
[0.498s] Level 1:colcon.colcon_core.package_identification:_identify(.) by extension 'colcon_meta'
[0.498s] Level 1:colcon.colcon_core.package_identification:_identify(.) by extensions ['ros']
[0.498s] Level 1:colcon.colcon_core.package_identification:_identify(.) by extension 'ros'
[0.527s] DEBUG:colcon.colcon_core.package_identification:Package '.' with type 'ros.ament_cmake' and name 'wallebot'
[0.527s] Level 1:colcon.colcon_core.package_discovery:discover_packages(recursive) using defaults
[0.527s] Level 1:colcon.colcon_core.package_discovery:discover_packages(ignore) discover
[0.527s] Level 1:colcon.colcon_core.package_discovery:discover_packages(ignore) using defaults
[0.527s] Level 1:colcon.colcon_core.package_discovery:discover_packages(path) discover
[0.527s] Level 1:colcon.colcon_core.package_discovery:discover_packages(path) using defaults
[0.555s] Level 1:colcon.colcon_core.package_discovery:discover_packages(prefix_path) check parameters
[0.555s] Level 1:colcon.colcon_core.package_discovery:discover_packages(prefix_path) discover
[0.558s] DEBUG:colcon.colcon_installed_package_information.package_discovery:Found 1 installed packages in /home/vithesh/dev_ws/src/ros2_ws/src/wallebot/install
[0.559s] DEBUG:colcon.colcon_installed_package_information.package_discovery:Found 2 installed packages in /home/vithesh/dev_ws/src/ydlidar_ws/install
[0.560s] DEBUG:colcon.colcon_installed_package_information.package_discovery:Found 0 installed packages in /home/vithesh/dev_ws/install
[0.562s] DEBUG:colcon.colcon_installed_package_information.package_discovery:Found 336 installed packages in /opt/ros/iron
[0.564s] Level 1:colcon.colcon_core.package_discovery:discover_packages(prefix_path) using defaults
[0.636s] Level 5:colcon.colcon_core.verb:set package 'wallebot' build argument 'cmake_args' from command line to 'None'
[0.636s] Level 5:colcon.colcon_core.verb:set package 'wallebot' build argument 'cmake_target' from command line to 'None'
[0.636s] Level 5:colcon.colcon_core.verb:set package 'wallebot' build argument 'cmake_target_skip_unavailable' from command line to 'False'
[0.637s] Level 5:colcon.colcon_core.verb:set package 'wallebot' build argument 'cmake_clean_cache' from command line to 'False'
[0.637s] Level 5:colcon.colcon_core.verb:set package 'wallebot' build argument 'cmake_clean_first' from command line to 'False'
[0.637s] Level 5:colcon.colcon_core.verb:set package 'wallebot' build argument 'cmake_force_configure' from command line to 'False'
[0.637s] Level 5:colcon.colcon_core.verb:set package 'wallebot' build argument 'ament_cmake_args' from command line to 'None'
[0.637s] Level 5:colcon.colcon_core.verb:set package 'wallebot' build argument 'catkin_cmake_args' from command line to 'None'
[0.637s] Level 5:colcon.colcon_core.verb:set package 'wallebot' build argument 'catkin_skip_building_tests' from command line to 'False'
[0.637s] DEBUG:colcon.colcon_core.verb:Building package 'wallebot' with the following arguments: {'ament_cmake_args': None, 'build_base': '/home/vithesh/dev_ws/src/ros2_ws/src/wallebot/build/wallebot', 'catkin_cmake_args': None, 'catkin_skip_building_tests': False, 'cmake_args': None, 'cmake_clean_cache': False, 'cmake_clean_first': False, 'cmake_force_configure': False, 'cmake_target': None, 'cmake_target_skip_unavailable': False, 'install_base': '/home/vithesh/dev_ws/src/ros2_ws/src/wallebot/install/wallebot', 'merge_install': False, 'path': '/home/vithesh/dev_ws/src/ros2_ws/src/wallebot', 'symlink_install': True, 'test_result_base': None}
[0.637s] INFO:colcon.colcon_core.executor:Executing jobs using 'parallel' executor
[0.639s] DEBUG:colcon.colcon_parallel_executor.executor.parallel:run_until_complete
[0.639s] INFO:colcon.colcon_ros.task.ament_cmake.build:Building ROS package in '/home/vithesh/dev_ws/src/ros2_ws/src/wallebot' with build type 'ament_cmake'
[0.639s] INFO:colcon.colcon_cmake.task.cmake.build:Building CMake package in '/home/vithesh/dev_ws/src/ros2_ws/src/wallebot'
[0.642s] INFO:colcon.colcon_core.plugin_system:Skipping extension 'colcon_core.shell.bat': Not used on non-Windows systems
[0.643s] INFO:colcon.colcon_core.shell:Skip shell extension 'powershell' for command environment: Not usable outside of PowerShell
[0.643s] DEBUG:colcon.colcon_core.shell:Skip shell extension 'dsv' for command environment
[0.657s] DEBUG:colcon.colcon_core.event_handler.log_command:Invoking command in '/home/vithesh/dev_ws/src/ros2_ws/src/wallebot/build/wallebot': CMAKE_PREFIX_PATH=${CMAKE_PREFIX_PATH}:/opt/ros/iron /usr/bin/cmake --build /home/vithesh/dev_ws/src/ros2_ws/src/wallebot/build/wallebot -- -j8 -l8
[0.710s] DEBUG:colcon.colcon_core.event_handler.log_command:Invoked command in '/home/vithesh/dev_ws/src/ros2_ws/src/wallebot/build/wallebot' returned '0': CMAKE_PREFIX_PATH=${CMAKE_PREFIX_PATH}:/opt/ros/iron /usr/bin/cmake --build /home/vithesh/dev_ws/src/ros2_ws/src/wallebot/build/wallebot -- -j8 -l8
[0.755s] DEBUG:colcon.colcon_core.event_handler.log_command:Invoking command in '/home/vithesh/dev_ws/src/ros2_ws/src/wallebot/build/wallebot': CMAKE_PREFIX_PATH=${CMAKE_PREFIX_PATH}:/opt/ros/iron /usr/bin/cmake --install /home/vithesh/dev_ws/src/ros2_ws/src/wallebot/build/wallebot
[0.804s] Level 1:colcon.colcon_core.environment:create_environment_scripts_only(wallebot)
[0.805s] DEBUG:colcon.colcon_core.event_handler.log_command:Invoked command in '/home/vithesh/dev_ws/src/ros2_ws/src/wallebot/build/wallebot' returned '0': CMAKE_PREFIX_PATH=${CMAKE_PREFIX_PATH}:/opt/ros/iron /usr/bin/cmake --install /home/vithesh/dev_ws/src/ros2_ws/src/wallebot/build/wallebot
[0.809s] Level 1:colcon.colcon_core.environment:checking '/home/vithesh/dev_ws/src/ros2_ws/src/wallebot/install/wallebot' for CMake module files
[0.810s] Level 1:colcon.colcon_core.environment:checking '/home/vithesh/dev_ws/src/ros2_ws/src/wallebot/install/wallebot' for CMake config files
[0.811s] Level 1:colcon.colcon_core.shell:create_environment_hook('wallebot', 'cmake_prefix_path')
[0.811s] INFO:colcon.colcon_core.shell:Creating environment hook '/home/vithesh/dev_ws/src/ros2_ws/src/wallebot/install/wallebot/share/wallebot/hook/cmake_prefix_path.ps1'
[0.812s] INFO:colcon.colcon_core.shell:Creating environment descriptor '/home/vithesh/dev_ws/src/ros2_ws/src/wallebot/install/wallebot/share/wallebot/hook/cmake_prefix_path.dsv'
[0.813s] INFO:colcon.colcon_core.shell:Creating environment hook '/home/vithesh/dev_ws/src/ros2_ws/src/wallebot/install/wallebot/share/wallebot/hook/cmake_prefix_path.sh'
[0.815s] Level 1:colcon.colcon_core.environment:checking '/home/vithesh/dev_ws/src/ros2_ws/src/wallebot/install/wallebot/bin'
[0.815s] Level 1:colcon.colcon_core.environment:checking '/home/vithesh/dev_ws/src/ros2_ws/src/wallebot/install/wallebot/lib/pkgconfig/wallebot.pc'
[0.815s] Level 1:colcon.colcon_core.environment:checking '/home/vithesh/dev_ws/src/ros2_ws/src/wallebot/install/wallebot/lib/python3.10/site-packages'
[0.815s] Level 1:colcon.colcon_core.environment:checking '/home/vithesh/dev_ws/src/ros2_ws/src/wallebot/install/wallebot/bin'
[0.816s] INFO:colcon.colcon_core.shell:Creating package script '/home/vithesh/dev_ws/src/ros2_ws/src/wallebot/install/wallebot/share/wallebot/package.ps1'
[0.817s] INFO:colcon.colcon_core.shell:Creating package descriptor '/home/vithesh/dev_ws/src/ros2_ws/src/wallebot/install/wallebot/share/wallebot/package.dsv'
[0.818s] INFO:colcon.colcon_core.shell:Creating package script '/home/vithesh/dev_ws/src/ros2_ws/src/wallebot/install/wallebot/share/wallebot/package.sh'
[0.819s] INFO:colcon.colcon_core.shell:Creating package script '/home/vithesh/dev_ws/src/ros2_ws/src/wallebot/install/wallebot/share/wallebot/package.bash'
[0.820s] INFO:colcon.colcon_core.shell:Creating package script '/home/vithesh/dev_ws/src/ros2_ws/src/wallebot/install/wallebot/share/wallebot/package.zsh'
[0.821s] Level 1:colcon.colcon_core.environment:create_file_with_runtime_dependencies(/home/vithesh/dev_ws/src/ros2_ws/src/wallebot/install/wallebot/share/colcon-core/packages/wallebot)
[0.852s] Level 1:colcon.colcon_core.environment:create_environment_scripts_only(wallebot)
[0.853s] Level 1:colcon.colcon_core.environment:checking '/home/vithesh/dev_ws/src/ros2_ws/src/wallebot/install/wallebot' for CMake module files
[0.854s] Level 1:colcon.colcon_core.environment:checking '/home/vithesh/dev_ws/src/ros2_ws/src/wallebot/install/wallebot' for CMake config files
[0.854s] Level 1:colcon.colcon_core.shell:create_environment_hook('wallebot', 'cmake_prefix_path')
[0.855s] INFO:colcon.colcon_core.shell:Creating environment hook '/home/vithesh/dev_ws/src/ros2_ws/src/wallebot/install/wallebot/share/wallebot/hook/cmake_prefix_path.ps1'
[0.855s] INFO:colcon.colcon_core.shell:Creating environment descriptor '/home/vithesh/dev_ws/src/ros2_ws/src/wallebot/install/wallebot/share/wallebot/hook/cmake_prefix_path.dsv'
[0.856s] INFO:colcon.colcon_core.shell:Creating environment hook '/home/vithesh/dev_ws/src/ros2_ws/src/wallebot/install/wallebot/share/wallebot/hook/cmake_prefix_path.sh'
[0.856s] Level 1:colcon.colcon_core.environment:checking '/home/vithesh/dev_ws/src/ros2_ws/src/wallebot/install/wallebot/bin'
[0.856s] Level 1:colcon.colcon_core.environment:checking '/home/vithesh/dev_ws/src/ros2_ws/src/wallebot/install/wallebot/lib/pkgconfig/wallebot.pc'
[0.857s] Level 1:colcon.colcon_core.environment:checking '/home/vithesh/dev_ws/src/ros2_ws/src/wallebot/install/wallebot/lib/python3.10/site-packages'
[0.857s] Level 1:colcon.colcon_core.environment:checking '/home/vithesh/dev_ws/src/ros2_ws/src/wallebot/install/wallebot/bin'
[0.858s] INFO:colcon.colcon_core.shell:Creating package script '/home/vithesh/dev_ws/src/ros2_ws/src/wallebot/install/wallebot/share/wallebot/package.ps1'
[0.859s] INFO:colcon.colcon_core.shell:Creating package descriptor '/home/vithesh/dev_ws/src/ros2_ws/src/wallebot/install/wallebot/share/wallebot/package.dsv'
[0.859s] INFO:colcon.colcon_core.shell:Creating package script '/home/vithesh/dev_ws/src/ros2_ws/src/wallebot/install/wallebot/share/wallebot/package.sh'
[0.860s] INFO:colcon.colcon_core.shell:Creating package script '/home/vithesh/dev_ws/src/ros2_ws/src/wallebot/install/wallebot/share/wallebot/package.bash'
[0.860s] INFO:colcon.colcon_core.shell:Creating package script '/home/vithesh/dev_ws/src/ros2_ws/src/wallebot/install/wallebot/share/wallebot/package.zsh'
[0.861s] Level 1:colcon.colcon_core.environment:create_file_with_runtime_dependencies(/home/vithesh/dev_ws/src/ros2_ws/src/wallebot/install/wallebot/share/colcon-core/packages/wallebot)
[0.861s] DEBUG:colcon.colcon_parallel_executor.executor.parallel:closing loop
[0.862s] DEBUG:colcon.colcon_parallel_executor.executor.parallel:loop closed
[0.862s] DEBUG:colcon.colcon_parallel_executor.executor.parallel:run_until_complete finished with '0'
[0.862s] DEBUG:colcon.colcon_core.event_reactor:joining thread
[0.871s] INFO:colcon.colcon_core.plugin_system:Skipping extension 'colcon_notification.desktop_notification.terminal_notifier': Not used on non-Darwin systems
[0.871s] INFO:colcon.colcon_core.plugin_system:Skipping extension 'colcon_notification.desktop_notification.win32': Not used on non-Windows systems
[0.871s] INFO:colcon.colcon_notification.desktop_notification:Sending desktop notification using 'notify2'
[0.890s] DEBUG:colcon.colcon_core.event_reactor:joined thread
[0.891s] INFO:colcon.colcon_core.shell:Creating prefix script '/home/vithesh/dev_ws/src/ros2_ws/src/wallebot/install/local_setup.ps1'
[0.892s] INFO:colcon.colcon_core.shell:Creating prefix util module '/home/vithesh/dev_ws/src/ros2_ws/src/wallebot/install/_local_setup_util_ps1.py'
[0.894s] INFO:colcon.colcon_core.shell:Creating prefix chain script '/home/vithesh/dev_ws/src/ros2_ws/src/wallebot/install/setup.ps1'
[0.896s] INFO:colcon.colcon_core.shell:Creating prefix script '/home/vithesh/dev_ws/src/ros2_ws/src/wallebot/install/local_setup.sh'
[0.897s] INFO:colcon.colcon_core.shell:Creating prefix util module '/home/vithesh/dev_ws/src/ros2_ws/src/wallebot/install/_local_setup_util_sh.py'
[0.898s] INFO:colcon.colcon_core.shell:Creating prefix chain script '/home/vithesh/dev_ws/src/ros2_ws/src/wallebot/install/setup.sh'
[0.899s] INFO:colcon.colcon_core.shell:Creating prefix script '/home/vithesh/dev_ws/src/ros2_ws/src/wallebot/install/local_setup.bash'
[0.900s] INFO:colcon.colcon_core.shell:Creating prefix chain script '/home/vithesh/dev_ws/src/ros2_ws/src/wallebot/install/setup.bash'
[0.902s] INFO:colcon.colcon_core.shell:Creating prefix script '/home/vithesh/dev_ws/src/ros2_ws/src/wallebot/install/local_setup.zsh'
[0.902s] INFO:colcon.colcon_core.shell:Creating prefix chain script '/home/vithesh/dev_ws/src/ros2_ws/src/wallebot/install/setup.zsh'
